Drill report for harp_lick_detector_capactive.kicad_pcb
Created on Mon 16 Oct 2023 12:10:40 PM PDT

Copper Layer Stackup:
    =============================================================
    L1 :  F.Cu                      front
    L2 :  In1.Cu                    in1
    L3 :  In2.Cu                    in2
    L4 :  B.Cu                      back


Drill file 'harp_lick_detector_capactive.drl' contains
    plated through holes:
    =============================================================
    T1  0.254mm  0.0100"  (146 holes)
    T2  0.300mm  0.0118"  (3 holes)
    T3  0.350mm  0.0138"  (9 holes)
    T4  0.600mm  0.0236"  (4 holes)  (with 4 slots)
    T5  0.950mm  0.0374"  (1 hole)
    T6  1.000mm  0.0394"  (3 holes)
    T7  1.587mm  0.0625"  (2 holes)
    T8  1.600mm  0.0630"  (3 holes)
    T9  1.800mm  0.0709"  (4 holes)
    T10  1.850mm  0.0728"  (4 holes)

    Total plated holes count 179


Not plated through holes are merged with plated holes
    unplated through holes:
    =============================================================
    T11  0.600mm  0.0236"  (2 holes)  (with 1 slot)
    T12  1.700mm  0.0669"  (2 holes)
    T13  3.200mm  0.1260"  (4 holes)

    Total unplated holes count 8
