Drill report for harp_lick_detector_capactive.kicad_pcb
Created on Tue 09 Apr 2024 04:12:44 PM PDT

Copper Layer Stackup:
    =============================================================
    L1 :  F.Cu                      front
    L2 :  In1.Cu                    in1
    L3 :  In2.Cu                    in2
    L4 :  B.Cu                      back


Drill file 'harp_lick_detector_capactive.drl' contains
    plated through holes:
    =============================================================
    T1  0.254mm  0.0100"  (405 holes)
    T2  0.254mm  0.0100"  (9 holes)
    T3  0.300mm  0.0118"  (3 holes)
    T4  0.600mm  0.0236"  (4 holes)  (with 4 slots)
    T5  1.000mm  0.0394"  (3 holes)
    T6  1.500mm  0.0591"  (1 hole)
    T7  1.587mm  0.0625"  (2 holes)
    T8  1.600mm  0.0630"  (3 holes)
    T9  1.800mm  0.0709"  (4 holes)
    T10  1.850mm  0.0728"  (4 holes)

    Total plated holes count 438


Not plated through holes are merged with plated holes
    unplated through holes:
    =============================================================
    T11  0.600mm  0.0236"  (2 holes)  (with 1 slot)
    T12  1.700mm  0.0669"  (2 holes)
    T13  3.200mm  0.1260"  (4 holes)

    Total unplated holes count 8
